<?xml version="1.0" encoding="UTF-8"?>
<!-- Generated by org.testng.reporters.JUnitXMLReporter -->
<testsuite ignored="0" hostname="ZIN100-SR2888" failures="6" tests="6" name="Test" time="0.187" errors="0" timestamp="2021-10-07T10:42:56 IST">
  <testcase classname="zebraDomain.zebraDomain.TestCases.TC_howDoI_002" name="howdoLink" time="0.05">
    <failure type="java.lang.NullPointerException" message="Cannot invoke &amp;quot;org.openqa.selenium.WebDriver.manage()&amp;quot; because &amp;quot;this.driver&amp;quot; is null">
      <![CDATA[java.lang.NullPointerException: Cannot invoke "org.openqa.selenium.WebDriver.manage()" because "this.driver" is null
at zebraDomain.zebraDomain.TestCases.TC_howDoI_002.howdoLink(TC_howDoI_002.java:30)
at java.base/java.util.ArrayList.forEach(ArrayList.java:1511)
... Removed 27 stack frames]]>
    </failure>
  </testcase> <!-- howdoLink -->
  <testcase classname="zebraDomain.zebraDomain.TestCases.TC_CalendarIcon_005" name="ActionCalendar" time="0.025">
    <failure type="java.lang.NullPointerException" message="Cannot invoke &amp;quot;org.openqa.selenium.WebDriver.manage()&amp;quot; because &amp;quot;this.driver&amp;quot; is null">
      <![CDATA[java.lang.NullPointerException: Cannot invoke "org.openqa.selenium.WebDriver.manage()" because "this.driver" is null
at zebraDomain.zebraDomain.TestCases.TC_CalendarIcon_005.ActionCalendar(TC_CalendarIcon_005.java:15)
at java.base/java.util.ArrayList.forEach(ArrayList.java:1511)
... Removed 27 stack frames]]>
    </failure>
  </testcase> <!-- ActionCalendar -->
  <testcase classname="zebraDomain.zebraDomain.TestCases.TC_Grantt_004" name="Grantt_1" time="0.004">
    <failure type="java.lang.NullPointerException" message="Cannot invoke &amp;quot;org.openqa.selenium.WebDriver.manage()&amp;quot; because &amp;quot;this.driver&amp;quot; is null">
      <![CDATA[java.lang.NullPointerException: Cannot invoke "org.openqa.selenium.WebDriver.manage()" because "this.driver" is null
at zebraDomain.zebraDomain.TestCases.TC_Grantt_004.Grantt_1(TC_Grantt_004.java:18)
at java.base/java.util.ArrayList.forEach(ArrayList.java:1511)
... Removed 27 stack frames]]>
    </failure>
  </testcase> <!-- Grantt_1 -->
  <testcase classname="zebraDomain.zebraDomain.TestCases.TC_smartSearch_003" name="smartSearch_1" time="0.003">
    <failure type="java.lang.NullPointerException" message="Cannot invoke &amp;quot;org.openqa.selenium.WebDriver.manage()&amp;quot; because &amp;quot;this.driver&amp;quot; is null">
      <![CDATA[java.lang.NullPointerException: Cannot invoke "org.openqa.selenium.WebDriver.manage()" because "this.driver" is null
at zebraDomain.zebraDomain.TestCases.TC_smartSearch_003.smartSearch_1(TC_smartSearch_003.java:18)
at java.base/java.util.ArrayList.forEach(ArrayList.java:1511)
... Removed 27 stack frames]]>
    </failure>
  </testcase> <!-- smartSearch_1 -->
  <testcase classname="zebraDomain.zebraDomain.TestCases.TC_Report_check_006" name="ActionreportICON" time="0.003">
    <failure type="java.lang.NullPointerException" message="Cannot invoke &amp;quot;org.openqa.selenium.WebDriver.manage()&amp;quot; because &amp;quot;this.driver&amp;quot; is null">
      <![CDATA[java.lang.NullPointerException: Cannot invoke "org.openqa.selenium.WebDriver.manage()" because "this.driver" is null
at zebraDomain.zebraDomain.TestCases.TC_Report_check_006.ActionreportICON(TC_Report_check_006.java:19)
at java.base/java.util.ArrayList.forEach(ArrayList.java:1511)
... Removed 27 stack frames]]>
    </failure>
  </testcase> <!-- ActionreportICON -->
  <testcase classname="zebraDomain.zebraDomain.TestCases.TC_login_001" name="login" time="0.003">
    <failure type="java.lang.NullPointerException" message="Cannot invoke &amp;quot;org.openqa.selenium.WebDriver.get(String)&amp;quot; because &amp;quot;zebraDomain.zebraDomain.TestCases.BaseClass.driver&amp;quot; is null">
      <![CDATA[java.lang.NullPointerException: Cannot invoke "org.openqa.selenium.WebDriver.get(String)" because "zebraDomain.zebraDomain.TestCases.BaseClass.driver" is null
at zebraDomain.zebraDomain.TestCases.TC_login_001.login(TC_login_001.java:40)
at java.base/java.util.ArrayList.forEach(ArrayList.java:1511)
... Removed 27 stack frames]]>
    </failure>
  </testcase> <!-- login -->
</testsuite> <!-- Test -->
