<?xml version="1.0" encoding="UTF-8"?>
<testng-results ignored="0" total="6" passed="5" failed="1" skipped="0">
  <reporter-output>
  </reporter-output>
  <suite started-at="2022-01-20T22:17:13 IST" name="Default suite" finished-at="2022-01-20T22:19:20 IST" duration-ms="126938">
    <groups>
    </groups>
    <test started-at="2022-01-20T22:17:13 IST" name="Default test" finished-at="2022-01-20T22:19:20 IST" duration-ms="126938">
      <class name="zebraDomain.zebraDomain.TestCases.TC_Report_check_006">
        <test-method is-config="true" signature="setup()[pri:0, instance:zebraDomain.zebraDomain.TestCases.TC_Report_check_006@282cb7c7]" started-at="2022-01-20T22:17:13 IST" name="setup" finished-at="2022-01-20T22:17:15 IST" duration-ms="2435" status="PASS">
          <reporter-output>
          </reporter-output>
        </test-method> <!-- setup -->
        <test-method signature="login()[pri:1, instance:zebraDomain.zebraDomain.TestCases.TC_Report_check_006@282cb7c7]" started-at="2022-01-20T22:17:15 IST" name="login" finished-at="2022-01-20T22:17:20 IST" duration-ms="4567" status="PASS">
          <reporter-output>
          </reporter-output>
        </test-method> <!-- login -->
        <test-method signature="howdoLink()[pri:2, instance:zebraDomain.zebraDomain.TestCases.TC_Report_check_006@282cb7c7]" started-at="2022-01-20T22:17:20 IST" name="howdoLink" finished-at="2022-01-20T22:18:32 IST" duration-ms="72225" status="FAIL">
          <exception class="org.openqa.selenium.TimeoutException">
            <message>
              <![CDATA[Expected condition failed: waiting for visibility of element located by By.xpath: //i[@class='icon-close cross-icon'] (tried for 30 second(s) with 500 milliseconds interval)
Build info: version: '3.141.59', revision: 'e82be7d358', time: '2018-11-14T08:17:03'
System info: host: 'ZIN100-SR2888', ip: '192.168.0.101', os.name: 'Windows 10', os.arch: 'amd64', os.version: '10.0', java.version: '15.0.2'
Driver info: org.openqa.selenium.chrome.ChromeDriver
Capabilities {acceptInsecureCerts: false, browserName: chrome, browserVersion: 97.0.4692.71, chrome: {chromedriverVersion: 97.0.4692.71 (adefa7837d02a..., userDataDir: C:\Users\SR2888\AppData\Loc...}, goog:chromeOptions: {debuggerAddress: localhost:58405}, javascriptEnabled: true, networkConnectionEnabled: false, pageLoadStrategy: normal, platform: WINDOWS, platformName: WINDOWS, proxy: Proxy(), setWindowRect: true, strictFileInteractability: false, timeouts: {implicit: 0, pageLoad: 300000, script: 30000}, unhandledPromptBehavior: dismiss and notify, webauthn:extension:credBlob: true, webauthn:extension:largeBlob: true, webauthn:virtualAuthenticators: true}
Session ID: f681bcf2ae2f5ef2875a5119c7c52e9f]]>
            </message>
            <full-stacktrace>
              <![CDATA[org.openqa.selenium.TimeoutException: Expected condition failed: waiting for visibility of element located by By.xpath: //i[@class='icon-close cross-icon'] (tried for 30 second(s) with 500 milliseconds interval)
Build info: version: '3.141.59', revision: 'e82be7d358', time: '2018-11-14T08:17:03'
System info: host: 'ZIN100-SR2888', ip: '192.168.0.101', os.name: 'Windows 10', os.arch: 'amd64', os.version: '10.0', java.version: '15.0.2'
Driver info: org.openqa.selenium.chrome.ChromeDriver
Capabilities {acceptInsecureCerts: false, browserName: chrome, browserVersion: 97.0.4692.71, chrome: {chromedriverVersion: 97.0.4692.71 (adefa7837d02a..., userDataDir: C:\Users\SR2888\AppData\Loc...}, goog:chromeOptions: {debuggerAddress: localhost:58405}, javascriptEnabled: true, networkConnectionEnabled: false, pageLoadStrategy: normal, platform: WINDOWS, platformName: WINDOWS, proxy: Proxy(), setWindowRect: true, strictFileInteractability: false, timeouts: {implicit: 0, pageLoad: 300000, script: 30000}, unhandledPromptBehavior: dismiss and notify, webauthn:extension:credBlob: true, webauthn:extension:largeBlob: true, webauthn:virtualAuthenticators: true}
Session ID: f681bcf2ae2f5ef2875a5119c7c52e9f
at org.openqa.selenium.support.ui.WebDriverWait.timeoutException(WebDriverWait.java:95)
at org.openqa.selenium.support.ui.FluentWait.until(FluentWait.java:272)
at in.co.zebraDomain.PageObject.howDoILink.CloseFVicon(howDoILink.java:43)
at zebraDomain.zebraDomain.TestCases.TC_howDoI_002.howdoLink(TC_howDoI_002.java:62)
at java.base/jdk.internal.reflect.NativeMethodAccessorImpl.invoke0(Native Method)
at java.base/jdk.internal.reflect.NativeMethodAccessorImpl.invoke(NativeMethodAccessorImpl.java:64)
at java.base/jdk.internal.reflect.DelegatingMethodAccessorImpl.invoke(DelegatingMethodAccessorImpl.java:43)
at java.base/java.lang.reflect.Method.invoke(Method.java:564)
at org.testng.internal.MethodInvocationHelper.invokeMethod(MethodInvocationHelper.java:133)
at org.testng.internal.TestInvoker.invokeMethod(TestInvoker.java:598)
at org.testng.internal.TestInvoker.invokeTestMethod(TestInvoker.java:173)
at org.testng.internal.MethodRunner.runInSequence(MethodRunner.java:46)
at org.testng.internal.TestInvoker$MethodInvocationAgent.invoke(TestInvoker.java:824)
at org.testng.internal.TestInvoker.invokeTestMethods(TestInvoker.java:146)
at org.testng.internal.TestMethodWorker.invokeTestMethods(TestMethodWorker.java:146)
at org.testng.internal.TestMethodWorker.run(TestMethodWorker.java:128)
at java.base/java.util.ArrayList.forEach(ArrayList.java:1511)
at org.testng.TestRunner.privateRun(TestRunner.java:794)
at org.testng.TestRunner.run(TestRunner.java:596)
at org.testng.SuiteRunner.runTest(SuiteRunner.java:377)
at org.testng.SuiteRunner.runSequentially(SuiteRunner.java:371)
at org.testng.SuiteRunner.privateRun(SuiteRunner.java:332)
at org.testng.SuiteRunner.run(SuiteRunner.java:276)
at org.testng.SuiteRunnerWorker.runSuite(SuiteRunnerWorker.java:53)
at org.testng.SuiteRunnerWorker.run(SuiteRunnerWorker.java:96)
at org.testng.TestNG.runSuitesSequentially(TestNG.java:1212)
at org.testng.TestNG.runSuitesLocally(TestNG.java:1134)
at org.testng.TestNG.runSuites(TestNG.java:1063)
at org.testng.TestNG.run(TestNG.java:1031)
at org.testng.remote.AbstractRemoteTestNG.run(AbstractRemoteTestNG.java:115)
at org.testng.remote.RemoteTestNG.initAndRun(RemoteTestNG.java:251)
at org.testng.remote.RemoteTestNG.main(RemoteTestNG.java:77)
]]>
            </full-stacktrace>
          </exception> <!-- org.openqa.selenium.TimeoutException -->
          <reporter-output>
          </reporter-output>
        </test-method> <!-- howdoLink -->
        <test-method signature="smartSearch_1()[pri:3, instance:zebraDomain.zebraDomain.TestCases.TC_Report_check_006@282cb7c7]" started-at="2022-01-20T22:18:32 IST" name="smartSearch_1" finished-at="2022-01-20T22:18:33 IST" duration-ms="963" status="PASS">
          <reporter-output>
          </reporter-output>
        </test-method> <!-- smartSearch_1 -->
        <test-method signature="Grantt_1()[pri:4, instance:zebraDomain.zebraDomain.TestCases.TC_Report_check_006@282cb7c7]" started-at="2022-01-20T22:18:33 IST" name="Grantt_1" finished-at="2022-01-20T22:18:34 IST" duration-ms="578" status="PASS">
          <reporter-output>
          </reporter-output>
        </test-method> <!-- Grantt_1 -->
        <test-method signature="ActionCalendar()[pri:5, instance:zebraDomain.zebraDomain.TestCases.TC_Report_check_006@282cb7c7]" started-at="2022-01-20T22:18:34 IST" name="ActionCalendar" finished-at="2022-01-20T22:18:48 IST" duration-ms="14556" status="PASS">
          <reporter-output>
          </reporter-output>
        </test-method> <!-- ActionCalendar -->
        <test-method signature="ActionreportICON()[pri:5, instance:zebraDomain.zebraDomain.TestCases.TC_Report_check_006@282cb7c7]" started-at="2022-01-20T22:18:48 IST" name="ActionreportICON" finished-at="2022-01-20T22:19:20 IST" duration-ms="31433" status="PASS">
          <reporter-output>
          </reporter-output>
        </test-method> <!-- ActionreportICON -->
      </class> <!-- zebraDomain.zebraDomain.TestCases.TC_Report_check_006 -->
    </test> <!-- Default test -->
  </suite> <!-- Default suite -->
</testng-results>
